<?xml version="1.0" encoding="UTF-8" standalone="yes"?>
<ns2:test-suite start="1487929107081" stop="1487929288313" version="1.4.16" xmlns:ns2="urn:model.allure.qatools.yandex.ru">
    <name>Comparision Tests : Comparision suite[Browser=chrome]</name>
    <title>Comparision Tests : Comparision suite[Browser=chrome]</title>
    <test-cases>
        <test-case start="1487929287425" stop="1487929287721" status="passed">
            <name>runTest</name>
            <steps/>
            <attachments/>
            <labels>
                <label name="host" value="Administrators-MacBook-Air-62.local"/>
                <label name="thread" value="8413@Administrators-MacBook-Air-62.local.pool-1-thread-1(14)"/>
            </labels>
        </test-case>
        <test-case start="1487929287428" stop="1487929287446" status="passed">
            <name>runTest1</name>
            <steps/>
            <attachments/>
            <labels>
                <label name="host" value="Administrators-MacBook-Air-62.local"/>
                <label name="thread" value="8413@Administrators-MacBook-Air-62.local.pool-1-thread-2(15)"/>
            </labels>
        </test-case>
        <test-case start="1487929288273" stop="1487929288278" status="broken">
            <name>closeBrowser</name>
            <description>@AfterClass</description>
            <failure>
                <message>NullPointerException: null</message>
                <stack-trace>java.lang.NullPointerException
	at utils.BrowserFactory.closeBrowser(BrowserFactory.java:61)
	at sun.reflect.NativeMethodAccessorImpl.invoke0(Native Method)
	at sun.reflect.NativeMethodAccessorImpl.invoke(NativeMethodAccessorImpl.java:57)
	at sun.reflect.DelegatingMethodAccessorImpl.invoke(DelegatingMethodAccessorImpl.java:43)
	at java.lang.reflect.Method.invoke(Method.java:606)
	at org.testng.internal.MethodInvocationHelper.invokeMethod(MethodInvocationHelper.java:80)
	at org.testng.internal.Invoker.invokeConfigurationMethod(Invoker.java:564)
	at org.testng.internal.Invoker.invokeConfigurations(Invoker.java:213)
	at org.testng.internal.Invoker.invokeConfigurations(Invoker.java:138)
	at org.testng.internal.TestMethodWorker.invokeAfterClassMethods(TestMethodWorker.java:225)
	at org.testng.internal.TestMethodWorker.run(TestMethodWorker.java:114)
	at java.util.concurrent.ThreadPoolExecutor.runWorker(ThreadPoolExecutor.java:1145)
	at java.util.concurrent.ThreadPoolExecutor$Worker.run(ThreadPoolExecutor.java:615)
	at java.lang.Thread.run(Thread.java:745)
</stack-trace>
            </failure>
            <steps/>
            <attachments/>
            <labels>
                <label name="host" value="Administrators-MacBook-Air-62.local"/>
                <label name="thread" value="8413@Administrators-MacBook-Air-62.local.pool-1-thread-1(14)"/>
            </labels>
        </test-case>
    </test-cases>
    <labels>
        <label name="framework" value="TestNG"/>
        <label name="language" value="JAVA"/>
    </labels>
</ns2:test-suite>
