<?xml version="1.0" encoding="UTF-8" standalone="yes"?>
<ns2:test-suite start="1488268751158" stop="1488268937346" version="1.4.16" xmlns:ns2="urn:model.allure.qatools.yandex.ru">
    <name>Comparision Tests : Comparision suite[Browser=chrome]</name>
    <title>Comparision Tests : Comparision suite[Browser=chrome]</title>
    <test-cases>
        <test-case start="1488268762982" stop="1488268775878" status="passed">
            <name>runTest1</name>
            <steps/>
            <attachments/>
            <labels>
                <label name="host" value="Administrators-MacBook-Air-62.local"/>
                <label name="thread" value="85389@Administrators-MacBook-Air-62.local.pool-1-thread-2(17)"/>
            </labels>
        </test-case>
        <test-case start="1488268762982" stop="1488268766779" status="passed">
            <name>runTest1</name>
            <steps/>
            <attachments/>
            <labels>
                <label name="host" value="Administrators-MacBook-Air-62.local"/>
                <label name="thread" value="85389@Administrators-MacBook-Air-62.local.pool-1-thread-3(18)"/>
            </labels>
        </test-case>
        <test-case start="1488268763047" stop="1488268937281" status="broken">
            <name>runTest</name>
            <failure>
                <message>Test was interrupted</message>
            </failure>
            <labels>
                <label name="host" value="Administrators-MacBook-Air-62.local"/>
                <label name="thread" value="85389@Administrators-MacBook-Air-62.local.pool-1-thread-1(16)"/>
            </labels>
        </test-case>
        <test-case start="1488268751158" stop="1488268937337" status="broken">
            <name>Comparision Tests : Comparision suite[Browser=chrome]</name>
            <title>Comparision Tests : Comparision suite[Browser=chrome]</title>
            <failure>
                <message>Test suite was interrupted, some test cases may be lost</message>
            </failure>
        </test-case>
    </test-cases>
    <labels>
        <label name="framework" value="TestNG"/>
        <label name="language" value="JAVA"/>
    </labels>
</ns2:test-suite>
