<?xml version="1.0" encoding="UTF-8" standalone="yes"?>
<ns2:test-suite start="1490248713652" stop="1490248826013" version="1.4.16" xmlns:ns2="urn:model.allure.qatools.yandex.ru">
    <name>Comparision Tests : Comparision suite[Browser=chrome]</name>
    <title>Comparision Tests : Comparision suite[Browser=chrome]</title>
    <test-cases>
        <test-case start="1490248776034" stop="1490248826005" status="broken">
            <name>runTest1</name>
            <failure>
                <message>Test was interrupted</message>
            </failure>
            <labels>
                <label name="host" value="Administrators-MacBook-Air-62.local"/>
                <label name="thread" value="36295@Administrators-MacBook-Air-62.local.pool-1-thread-1(14)"/>
            </labels>
        </test-case>
        <test-case start="1490248713652" stop="1490248826007" status="broken">
            <name>Comparision Tests : Comparision suite[Browser=chrome]</name>
            <title>Comparision Tests : Comparision suite[Browser=chrome]</title>
            <failure>
                <message>Test suite was interrupted, some test cases may be lost</message>
            </failure>
        </test-case>
    </test-cases>
    <labels>
        <label name="framework" value="TestNG"/>
        <label name="language" value="JAVA"/>
    </labels>
</ns2:test-suite>
